Started GET "/" for 127.0.0.1 at 2017-06-11 17:44:55 +0530
Processing by Rails::WelcomeController#index as HTML
  Rendering /home/tushaar/.rbenv/versions/2.3.1/lib/ruby/gems/2.3.0/gems/railties-5.1.1/lib/rails/templates/rails/welcome/index.html.erb
  Rendered /home/tushaar/.rbenv/versions/2.3.1/lib/ruby/gems/2.3.0/gems/railties-5.1.1/lib/rails/templates/rails/welcome/index.html.erb (6.5ms)
Completed 200 OK in 164ms (Views: 11.3ms)


Started GET "/users" for 127.0.0.1 at 2017-06-11 17:57:07 +0530
  [1m[35m (0.2ms)[0m  [1m[35mSET NAMES utf8,  @@SESSION.sql_mode = CONCAT(CONCAT(@@sql_mode, ',STRICT_ALL_TABLES'), ',NO_AUTO_VALUE_ON_ZERO'),  @@SESSION.sql_auto_is_null = 0, @@SESSION.wait_timeout = 2147483[0m
  
ActiveRecord::PendingMigrationError (

Migrations are pending. To resolve this issue, run:

        bin/rails db:migrate RAILS_ENV=development

):
  
activerecord (5.1.1) lib/active_record/migration.rb:576:in `check_pending!'
activerecord (5.1.1) lib/active_record/migration.rb:553:in `call'
actionpack (5.1.1) lib/action_dispatch/middleware/callbacks.rb:26:in `block in call'
activesupport (5.1.1) lib/active_support/callbacks.rb:97:in `run_callbacks'
actionpack (5.1.1) lib/action_dispatch/middleware/callbacks.rb:24:in `call'
actionpack (5.1.1) lib/action_dispatch/middleware/executor.rb:12:in `call'
actionpack (5.1.1) lib/action_dispatch/middleware/debug_exceptions.rb:59:in `call'
web-console (3.5.1) lib/web_console/middleware.rb:135:in `call_app'
web-console (3.5.1) lib/web_console/middleware.rb:28:in `block in call'
web-console (3.5.1) lib/web_console/middleware.rb:18:in `catch'
web-console (3.5.1) lib/web_console/middleware.rb:18:in `call'
actionpack (5.1.1) lib/action_dispatch/middleware/show_exceptions.rb:31:in `call'
railties (5.1.1) lib/rails/rack/logger.rb:36:in `call_app'
railties (5.1.1) lib/rails/rack/logger.rb:24:in `block in call'
activesupport (5.1.1) lib/active_support/tagged_logging.rb:69:in `block in tagged'
activesupport (5.1.1) lib/active_support/tagged_logging.rb:26:in `tagged'
activesupport (5.1.1) lib/active_support/tagged_logging.rb:69:in `tagged'
railties (5.1.1) lib/rails/rack/logger.rb:24:in `call'
sprockets-rails (3.2.0) lib/sprockets/rails/quiet_assets.rb:13:in `call'
actionpack (5.1.1) lib/action_dispatch/middleware/remote_ip.rb:79:in `call'
actionpack (5.1.1) lib/action_dispatch/middleware/request_id.rb:25:in `call'
rack (2.0.3) lib/rack/method_override.rb:22:in `call'
rack (2.0.3) lib/rack/runtime.rb:22:in `call'
activesupport (5.1.1) lib/active_support/cache/strategy/local_cache_middleware.rb:27:in `call'
actionpack (5.1.1) lib/action_dispatch/middleware/executor.rb:12:in `call'
actionpack (5.1.1) lib/action_dispatch/middleware/static.rb:125:in `call'
rack (2.0.3) lib/rack/sendfile.rb:111:in `call'
railties (5.1.1) lib/rails/engine.rb:522:in `call'
puma (3.9.1) lib/puma/configuration.rb:224:in `call'
puma (3.9.1) lib/puma/server.rb:602:in `handle_request'
puma (3.9.1) lib/puma/server.rb:435:in `process_client'
puma (3.9.1) lib/puma/server.rb:299:in `block in run'
puma (3.9.1) lib/puma/thread_pool.rb:120:in `block in spawn_thread'
  [1m[35m (0.3ms)[0m  [1m[35mSET NAMES utf8,  @@SESSION.sql_mode = CONCAT(CONCAT(@@sql_mode, ',STRICT_ALL_TABLES'), ',NO_AUTO_VALUE_ON_ZERO'),  @@SESSION.sql_auto_is_null = 0, @@SESSION.wait_timeout = 2147483[0m
  [1m[35m (285.9ms)[0m  [1m[35mCREATE TABLE `schema_migrations` (`version` varchar(255) NOT NULL PRIMARY KEY) ENGINE=InnoDB[0m
  [1m[35m (322.7ms)[0m  [1m[35mCREATE TABLE `ar_internal_metadata` (`key` varchar(255) NOT NULL PRIMARY KEY, `value` varchar(255), `created_at` datetime NOT NULL, `updated_at` datetime NOT NULL) ENGINE=InnoDB[0m
  [1m[35m (0.4ms)[0m  [1m[34mSELECT DATABASE() as db[0m
  [1m[35m (1.1ms)[0m  [1m[34mSELECT GET_LOCK(5878493172211724820, 0)[0m
  [1m[35m (0.4ms)[0m  [1m[34mSELECT `schema_migrations`.`version` FROM `schema_migrations` ORDER BY `schema_migrations`.`version` ASC[0m
Migrating to CreateUsers (20170611122606)
  [1m[35m (287.3ms)[0m  [1m[35mCREATE TABLE `users` (`id` bigint NOT NULL AUTO_INCREMENT PRIMARY KEY, `email` varchar(255), `password` varchar(255), `created_at` datetime NOT NULL, `updated_at` datetime NOT NULL) ENGINE=InnoDB[0m
  [1m[35m (0.4ms)[0m  [1m[35mBEGIN[0m
  [1m[35mSQL (0.5ms)[0m  [1m[32mINSERT INTO `schema_migrations` (`version`) VALUES ('20170611122606')[0m
  [1m[35m (45.7ms)[0m  [1m[35mCOMMIT[0m
  [1m[36mActiveRecord::InternalMetadata Load (0.5ms)[0m  [1m[34mSELECT  `ar_internal_metadata`.* FROM `ar_internal_metadata` WHERE `ar_internal_metadata`.`key` = 'environment' LIMIT 1[0m
  [1m[35m (0.2ms)[0m  [1m[35mBEGIN[0m
  [1m[35mSQL (0.3ms)[0m  [1m[32mINSERT INTO `ar_internal_metadata` (`key`, `value`, `created_at`, `updated_at`) VALUES ('environment', 'development', '2017-06-11 12:27:23', '2017-06-11 12:27:23')[0m
  [1m[35m (38.4ms)[0m  [1m[35mCOMMIT[0m
  [1m[35m (0.3ms)[0m  [1m[34mSELECT RELEASE_LOCK(5878493172211724820)[0m
  [1m[35m (0.2ms)[0m  [1m[34mSELECT `schema_migrations`.`version` FROM `schema_migrations` ORDER BY `schema_migrations`.`version` ASC[0m
  [1m[35m (0.2ms)[0m  [1m[35mSHOW CREATE TABLE `users`[0m
  [1m[35m (0.4ms)[0m  [1m[35mSHOW TABLE STATUS LIKE 'users'[0m
Started GET "/users" for 127.0.0.1 at 2017-06-11 17:57:29 +0530
  [1m[35m (0.3ms)[0m  [1m[35mSET NAMES utf8,  @@SESSION.sql_mode = CONCAT(CONCAT(@@sql_mode, ',STRICT_ALL_TABLES'), ',NO_AUTO_VALUE_ON_ZERO'),  @@SESSION.sql_auto_is_null = 0, @@SESSION.wait_timeout = 2147483[0m
  [1m[35m (0.2ms)[0m  [1m[34mSELECT `schema_migrations`.`version` FROM `schema_migrations` ORDER BY `schema_migrations`.`version` ASC[0m
Processing by UsersController#index as HTML
  Rendering users/index.html.erb within layouts/application
  [1m[36mUser Load (0.3ms)[0m  [1m[34mSELECT `users`.* FROM `users`[0m
  Rendered users/index.html.erb within layouts/application (5.3ms)
Completed 200 OK in 577ms (Views: 562.6ms | ActiveRecord: 0.8ms)


Started GET "/users/new" for 127.0.0.1 at 2017-06-11 17:57:32 +0530
Processing by UsersController#new as HTML
  Rendering users/new.html.erb within layouts/application
  Rendered users/_form.html.erb (9.7ms) [cache miss]
  Rendered users/new.html.erb within layouts/application (11.0ms)
Completed 200 OK in 44ms (Views: 29.3ms | ActiveRecord: 1.4ms)


Started POST "/users" for 127.0.0.1 at 2017-06-11 17:57:43 +0530
Processing by UsersController#create as HTML
  Parameters: {"utf8"=>"✓", "authenticity_token"=>"o4AOve2D3MdcJAKjRy1oYM/lzXjDf0TlO289NUaCrEempfGo37dvoXQhlFrhwS5qWI2OpUNS2LJbQp5TYSfuIA==", "user"=>{"email"=>"suman", "password"=>"[FILTERED]"}, "commit"=>"Create User"}
  [1m[35m (0.4ms)[0m  [1m[35mBEGIN[0m
  [1m[35mSQL (0.3ms)[0m  [1m[32mINSERT INTO `users` (`email`, `password`, `created_at`, `updated_at`) VALUES ('suman', '123456', '2017-06-11 12:27:43', '2017-06-11 12:27:43')[0m
  [1m[35m (90.4ms)[0m  [1m[35mCOMMIT[0m
Redirected to http://localhost:3000/users/1
Completed 302 Found in 97ms (ActiveRecord: 91.2ms)


Started GET "/users/1" for 127.0.0.1 at 2017-06-11 17:57:44 +0530
Processing by UsersController#show as HTML
  Parameters: {"id"=>"1"}
  [1m[36mUser Load (0.3ms)[0m  [1m[34mSELECT  `users`.* FROM `users` WHERE `users`.`id` = 1 LIMIT 1[0m
  Rendering users/show.html.erb within layouts/application
  Rendered users/show.html.erb within layouts/application (0.9ms)
Completed 200 OK in 22ms (Views: 17.2ms | ActiveRecord: 0.3ms)


Started GET "/users/1/edit" for 127.0.0.1 at 2017-06-11 17:58:07 +0530
Processing by UsersController#edit as HTML
  Parameters: {"id"=>"1"}
  [1m[36mUser Load (0.3ms)[0m  [1m[34mSELECT  `users`.* FROM `users` WHERE `users`.`id` = 1 LIMIT 1[0m
  Rendering users/edit.html.erb within layouts/application
  Rendered users/_form.html.erb (3.1ms) [cache miss]
  Rendered users/edit.html.erb within layouts/application (4.3ms)
Completed 200 OK in 25ms (Views: 22.7ms | ActiveRecord: 0.3ms)


Started PATCH "/users/1" for 127.0.0.1 at 2017-06-11 17:58:12 +0530
Processing by UsersController#update as HTML
  Parameters: {"utf8"=>"✓", "authenticity_token"=>"dqBd+6KcuC+80HB79712ZnL22oxcZFW93DZvT4F4v61V5Y1fU7hVnc6fMYRwIK79D2ogKXqH0xaj3BFubVRSGQ==", "user"=>{"email"=>"sumanpaul", "password"=>"[FILTERED]"}, "commit"=>"Update User", "id"=>"1"}
  [1m[36mUser Load (0.3ms)[0m  [1m[34mSELECT  `users`.* FROM `users` WHERE `users`.`id` = 1 LIMIT 1[0m
  [1m[35m (0.2ms)[0m  [1m[35mBEGIN[0m
  [1m[35mSQL (52.0ms)[0m  [1m[33mUPDATE `users` SET `email` = 'sumanpaul', `updated_at` = '2017-06-11 12:28:12' WHERE `users`.`id` = 1[0m
  [1m[35m (84.2ms)[0m  [1m[35mCOMMIT[0m
Redirected to http://localhost:3000/users/1
Completed 302 Found in 144ms (ActiveRecord: 136.7ms)


Started GET "/users/1" for 127.0.0.1 at 2017-06-11 17:58:12 +0530
Processing by UsersController#show as HTML
  Parameters: {"id"=>"1"}
  [1m[36mUser Load (0.7ms)[0m  [1m[34mSELECT  `users`.* FROM `users` WHERE `users`.`id` = 1 LIMIT 1[0m
  Rendering users/show.html.erb within layouts/application
  Rendered users/show.html.erb within layouts/application (0.8ms)
Completed 200 OK in 20ms (Views: 17.0ms | ActiveRecord: 0.7ms)


Started GET "/users" for 127.0.0.1 at 2017-06-11 17:58:18 +0530
Processing by UsersController#index as HTML
  Rendering users/index.html.erb within layouts/application
  [1m[36mUser Load (0.6ms)[0m  [1m[34mSELECT `users`.* FROM `users`[0m
  Rendered users/index.html.erb within layouts/application (4.0ms)
Completed 200 OK in 20ms (Views: 17.3ms | ActiveRecord: 0.6ms)


Started GET "/users/1" for 127.0.0.1 at 2017-06-11 17:58:31 +0530
Processing by UsersController#show as HTML
  Parameters: {"id"=>"1"}
  [1m[36mUser Load (0.6ms)[0m  [1m[34mSELECT  `users`.* FROM `users` WHERE `users`.`id` = 1 LIMIT 1[0m
  Rendering users/show.html.erb within layouts/application
  Rendered users/show.html.erb within layouts/application (1.4ms)
Completed 200 OK in 29ms (Views: 25.0ms | ActiveRecord: 0.6ms)


Started GET "/users" for 127.0.0.1 at 2017-06-11 17:58:35 +0530
Processing by UsersController#index as HTML
  Rendering users/index.html.erb within layouts/application
  [1m[36mUser Load (0.6ms)[0m  [1m[34mSELECT `users`.* FROM `users`[0m
  Rendered users/index.html.erb within layouts/application (4.7ms)
Completed 200 OK in 45ms (Views: 40.8ms | ActiveRecord: 0.6ms)


Started GET "/users" for 127.0.0.1 at 2017-06-11 18:03:21 +0530
  [1m[35m (0.3ms)[0m  [1m[35mSET NAMES utf8,  @@SESSION.sql_mode = CONCAT(CONCAT(@@sql_mode, ',STRICT_ALL_TABLES'), ',NO_AUTO_VALUE_ON_ZERO'),  @@SESSION.sql_auto_is_null = 0, @@SESSION.wait_timeout = 2147483[0m
  [1m[35m (0.2ms)[0m  [1m[34mSELECT `schema_migrations`.`version` FROM `schema_migrations` ORDER BY `schema_migrations`.`version` ASC[0m
Processing by UsersController#index as HTML
  Rendering users/index.html.erb within layouts/application
  [1m[36mUser Load (0.3ms)[0m  [1m[34mSELECT `users`.* FROM `users`[0m
  Rendered users/index.html.erb within layouts/application (19.0ms)
Completed 200 OK in 225ms (Views: 214.5ms | ActiveRecord: 1.3ms)


Started GET "/v1/users" for 127.0.0.1 at 2017-06-11 18:14:14 +0530
  [1m[35m (0.3ms)[0m  [1m[35mSET NAMES utf8,  @@SESSION.sql_mode = CONCAT(CONCAT(@@sql_mode, ',STRICT_ALL_TABLES'), ',NO_AUTO_VALUE_ON_ZERO'),  @@SESSION.sql_auto_is_null = 0, @@SESSION.wait_timeout = 2147483[0m
  [1m[35m (0.3ms)[0m  [1m[34mSELECT `schema_migrations`.`version` FROM `schema_migrations` ORDER BY `schema_migrations`.`version` ASC[0m
Processing by Api::V1::UsersController#index as HTML
Completed 406 Not Acceptable in 23ms (ActiveRecord: 0.0ms)


  
ActionController::UnknownFormat (Api::V1::UsersController#index is missing a template for this request format and variant.

request.formats: ["text/html"]
request.variant: []

NOTE! For XHR/Ajax or API requests, this action would normally respond with 204 No Content: an empty white screen. Since you're loading it in a web browser, we assume that you expected to actually render a template, not nothing, so we're showing an error to be extra-clear. If you expect 204 No Content, carry on. That's what you'll get from an XHR or API request. Give it a shot.):
  
actionpack (5.1.1) lib/action_controller/metal/implicit_render.rb:53:in `default_render'
actionpack (5.1.1) lib/action_controller/metal/basic_implicit_render.rb:4:in `block in send_action'
actionpack (5.1.1) lib/action_controller/metal/basic_implicit_render.rb:4:in `tap'
actionpack (5.1.1) lib/action_controller/metal/basic_implicit_render.rb:4:in `send_action'
actionpack (5.1.1) lib/abstract_controller/base.rb:186:in `process_action'
actionpack (5.1.1) lib/action_controller/metal/rendering.rb:30:in `process_action'
actionpack (5.1.1) lib/abstract_controller/callbacks.rb:20:in `block in process_action'
activesupport (5.1.1) lib/active_support/callbacks.rb:131:in `run_callbacks'
actionpack (5.1.1) lib/abstract_controller/callbacks.rb:19:in `process_action'
actionpack (5.1.1) lib/action_controller/metal/rescue.rb:20:in `process_action'
actionpack (5.1.1) lib/action_controller/metal/instrumentation.rb:32:in `block in process_action'
activesupport (5.1.1) lib/active_support/notifications.rb:166:in `block in instrument'
activesupport (5.1.1) lib/active_support/notifications/instrumenter.rb:21:in `instrument'
activesupport (5.1.1) lib/active_support/notifications.rb:166:in `instrument'
actionpack (5.1.1) lib/action_controller/metal/instrumentation.rb:30:in `process_action'
actionpack (5.1.1) lib/action_controller/metal/params_wrapper.rb:252:in `process_action'
activerecord (5.1.1) lib/active_record/railties/controller_runtime.rb:22:in `process_action'
actionpack (5.1.1) lib/abstract_controller/base.rb:124:in `process'
actionview (5.1.1) lib/action_view/rendering.rb:30:in `process'
actionpack (5.1.1) lib/action_controller/metal.rb:189:in `dispatch'
actionpack (5.1.1) lib/action_controller/metal.rb:253:in `dispatch'
actionpack (5.1.1) lib/action_dispatch/routing/route_set.rb:49:in `dispatch'
actionpack (5.1.1) lib/action_dispatch/routing/route_set.rb:31:in `serve'
actionpack (5.1.1) lib/action_dispatch/journey/router.rb:46:in `block in serve'
actionpack (5.1.1) lib/action_dispatch/journey/router.rb:33:in `each'
actionpack (5.1.1) lib/action_dispatch/journey/router.rb:33:in `serve'
actionpack (5.1.1) lib/action_dispatch/routing/route_set.rb:832:in `call'
rack (2.0.3) lib/rack/etag.rb:25:in `call'
rack (2.0.3) lib/rack/conditional_get.rb:25:in `call'
rack (2.0.3) lib/rack/head.rb:12:in `call'
rack (2.0.3) lib/rack/session/abstract/id.rb:232:in `context'
rack (2.0.3) lib/rack/session/abstract/id.rb:226:in `call'
actionpack (5.1.1) lib/action_dispatch/middleware/cookies.rb:613:in `call'
activerecord (5.1.1) lib/active_record/migration.rb:556:in `call'
actionpack (5.1.1) lib/action_dispatch/middleware/callbacks.rb:26:in `block in call'
activesupport (5.1.1) lib/active_support/callbacks.rb:97:in `run_callbacks'
actionpack (5.1.1) lib/action_dispatch/middleware/callbacks.rb:24:in `call'
actionpack (5.1.1) lib/action_dispatch/middleware/executor.rb:12:in `call'
actionpack (5.1.1) lib/action_dispatch/middleware/debug_exceptions.rb:59:in `call'
web-console (3.5.1) lib/web_console/middleware.rb:135:in `call_app'
web-console (3.5.1) lib/web_console/middleware.rb:28:in `block in call'
web-console (3.5.1) lib/web_console/middleware.rb:18:in `catch'
web-console (3.5.1) lib/web_console/middleware.rb:18:in `call'
actionpack (5.1.1) lib/action_dispatch/middleware/show_exceptions.rb:31:in `call'
railties (5.1.1) lib/rails/rack/logger.rb:36:in `call_app'
railties (5.1.1) lib/rails/rack/logger.rb:24:in `block in call'
activesupport (5.1.1) lib/active_support/tagged_logging.rb:69:in `block in tagged'
activesupport (5.1.1) lib/active_support/tagged_logging.rb:26:in `tagged'
activesupport (5.1.1) lib/active_support/tagged_logging.rb:69:in `tagged'
railties (5.1.1) lib/rails/rack/logger.rb:24:in `call'
sprockets-rails (3.2.0) lib/sprockets/rails/quiet_assets.rb:13:in `call'
actionpack (5.1.1) lib/action_dispatch/middleware/remote_ip.rb:79:in `call'
actionpack (5.1.1) lib/action_dispatch/middleware/request_id.rb:25:in `call'
rack (2.0.3) lib/rack/method_override.rb:22:in `call'
rack (2.0.3) lib/rack/runtime.rb:22:in `call'
activesupport (5.1.1) lib/active_support/cache/strategy/local_cache_middleware.rb:27:in `call'
actionpack (5.1.1) lib/action_dispatch/middleware/executor.rb:12:in `call'
actionpack (5.1.1) lib/action_dispatch/middleware/static.rb:125:in `call'
rack (2.0.3) lib/rack/sendfile.rb:111:in `call'
railties (5.1.1) lib/rails/engine.rb:522:in `call'
puma (3.9.1) lib/puma/configuration.rb:224:in `call'
puma (3.9.1) lib/puma/server.rb:602:in `handle_request'
puma (3.9.1) lib/puma/server.rb:435:in `process_client'
puma (3.9.1) lib/puma/server.rb:299:in `block in run'
puma (3.9.1) lib/puma/thread_pool.rb:120:in `block in spawn_thread'
Started GET "/v1/users/show" for 127.0.0.1 at 2017-06-11 18:16:03 +0530
  [1m[35m (0.3ms)[0m  [1m[35mSET NAMES utf8,  @@SESSION.sql_mode = CONCAT(CONCAT(@@sql_mode, ',STRICT_ALL_TABLES'), ',NO_AUTO_VALUE_ON_ZERO'),  @@SESSION.sql_auto_is_null = 0, @@SESSION.wait_timeout = 2147483[0m
Processing by Api::V1::UsersController#show as HTML
  Parameters: {"id"=>"show"}
Completed 200 OK in 1ms (Views: 0.5ms | ActiveRecord: 0.0ms)


Started GET "/v1/users" for 127.0.0.1 at 2017-06-11 18:16:40 +0530
Processing by Api::V1::UsersController#index as HTML
  [1m[36mUser Load (0.3ms)[0m  [1m[34mSELECT `users`.* FROM `users`[0m
Completed 200 OK in 13ms (Views: 7.2ms | ActiveRecord: 1.8ms)


Started GET "/users/new" for 127.0.0.1 at 2017-06-11 18:16:58 +0530
Processing by UsersController#new as HTML
  Rendering users/new.html.erb within layouts/application
  Rendered users/_form.html.erb (10.7ms) [cache miss]
  Rendered users/new.html.erb within layouts/application (12.2ms)
Completed 200 OK in 197ms (Views: 195.3ms | ActiveRecord: 0.0ms)


Started GET "/users/new" for 127.0.0.1 at 2017-06-11 18:16:59 +0530
Processing by UsersController#new as HTML
  Rendering users/new.html.erb within layouts/application
  Rendered users/_form.html.erb (4.6ms) [cache miss]
  Rendered users/new.html.erb within layouts/application (6.0ms)
Completed 200 OK in 30ms (Views: 28.2ms | ActiveRecord: 0.0ms)


Started POST "/users" for 127.0.0.1 at 2017-06-11 18:17:48 +0530
Processing by UsersController#create as HTML
  Parameters: {"utf8"=>"✓", "authenticity_token"=>"p4l57i3oI9dIqMNLDC6m5dSDEzowB57pqtg3FLd68ew9VWh82bykoP85BPhNPEM3J/E/6sZruJ5ov60cF7VdqQ==", "user"=>{"email"=>"t1", "password"=>"[FILTERED]"}, "commit"=>"Create User"}
  [1m[35m (0.4ms)[0m  [1m[35mBEGIN[0m
  [1m[35mSQL (0.3ms)[0m  [1m[32mINSERT INTO `users` (`email`, `password`, `created_at`, `updated_at`) VALUES ('t1', '123456', '2017-06-11 12:47:48', '2017-06-11 12:47:48')[0m
  [1m[35m (138.2ms)[0m  [1m[35mCOMMIT[0m
Redirected to http://localhost:3000/users/2
Completed 302 Found in 146ms (ActiveRecord: 138.9ms)


Started GET "/users/2" for 127.0.0.1 at 2017-06-11 18:17:48 +0530
Processing by UsersController#show as HTML
  Parameters: {"id"=>"2"}
  [1m[36mUser Load (0.3ms)[0m  [1m[34mSELECT  `users`.* FROM `users` WHERE `users`.`id` = 2 LIMIT 1[0m
  Rendering users/show.html.erb within layouts/application
  Rendered users/show.html.erb within layouts/application (0.8ms)
Completed 200 OK in 25ms (Views: 18.5ms | ActiveRecord: 0.3ms)


Started GET "/v1/users" for 127.0.0.1 at 2017-06-11 18:17:51 +0530
Processing by Api::V1::UsersController#index as HTML
  [1m[36mUser Load (1.1ms)[0m  [1m[34mSELECT `users`.* FROM `users`[0m
Completed 200 OK in 3ms (Views: 1.8ms | ActiveRecord: 1.1ms)


Started GET "/v1/users" for 127.0.0.1 at 2017-06-11 18:24:03 +0530
Processing by Api::V1::UsersController#index as */*
  [1m[36mUser Load (0.4ms)[0m  [1m[34mSELECT `users`.* FROM `users`[0m
Completed 200 OK in 14ms (Views: 9.2ms | ActiveRecord: 2.3ms)


Started POST "/v1/users?user[email]=varun@gmail.com&user[password]=[FILTERED]" for 127.0.0.1 at 2017-06-11 18:25:25 +0530
Processing by Api::V1::UsersController#create as */*
  Parameters: {"user"=>{"email"=>"varun@gmail.com", "password"=>"[FILTERED]"}}
HTTP Origin header (chrome-extension://fhbjgbiflinjbdggehcddcbncdddomop) didn't match request.base_url (http://localhost:3000)
Completed 422 Unprocessable Entity in 1ms (ActiveRecord: 0.0ms)


  
ActionController::InvalidAuthenticityToken (ActionController::InvalidAuthenticityToken):
  
actionpack (5.1.1) lib/action_controller/metal/request_forgery_protection.rb:195:in `handle_unverified_request'
actionpack (5.1.1) lib/action_controller/metal/request_forgery_protection.rb:227:in `handle_unverified_request'
actionpack (5.1.1) lib/action_controller/metal/request_forgery_protection.rb:222:in `verify_authenticity_token'
activesupport (5.1.1) lib/active_support/callbacks.rb:413:in `block in make_lambda'
activesupport (5.1.1) lib/active_support/callbacks.rb:197:in `block (2 levels) in halting'
actionpack (5.1.1) lib/abstract_controller/callbacks.rb:12:in `block (2 levels) in <module:Callbacks>'
activesupport (5.1.1) lib/active_support/callbacks.rb:198:in `block in halting'
activesupport (5.1.1) lib/active_support/callbacks.rb:507:in `block in invoke_before'
activesupport (5.1.1) lib/active_support/callbacks.rb:507:in `each'
activesupport (5.1.1) lib/active_support/callbacks.rb:507:in `invoke_before'
activesupport (5.1.1) lib/active_support/callbacks.rb:130:in `run_callbacks'
actionpack (5.1.1) lib/abstract_controller/callbacks.rb:19:in `process_action'
actionpack (5.1.1) lib/action_controller/metal/rescue.rb:20:in `process_action'
actionpack (5.1.1) lib/action_controller/metal/instrumentation.rb:32:in `block in process_action'
activesupport (5.1.1) lib/active_support/notifications.rb:166:in `block in instrument'
activesupport (5.1.1) lib/active_support/notifications/instrumenter.rb:21:in `instrument'
activesupport (5.1.1) lib/active_support/notifications.rb:166:in `instrument'
actionpack (5.1.1) lib/action_controller/metal/instrumentation.rb:30:in `process_action'
actionpack (5.1.1) lib/action_controller/metal/params_wrapper.rb:252:in `process_action'
activerecord (5.1.1) lib/active_record/railties/controller_runtime.rb:22:in `process_action'
actionpack (5.1.1) lib/abstract_controller/base.rb:124:in `process'
actionview (5.1.1) lib/action_view/rendering.rb:30:in `process'
actionpack (5.1.1) lib/action_controller/metal.rb:189:in `dispatch'
actionpack (5.1.1) lib/action_controller/metal.rb:253:in `dispatch'
actionpack (5.1.1) lib/action_dispatch/routing/route_set.rb:49:in `dispatch'
actionpack (5.1.1) lib/action_dispatch/routing/route_set.rb:31:in `serve'
actionpack (5.1.1) lib/action_dispatch/journey/router.rb:46:in `block in serve'
actionpack (5.1.1) lib/action_dispatch/journey/router.rb:33:in `each'
actionpack (5.1.1) lib/action_dispatch/journey/router.rb:33:in `serve'
actionpack (5.1.1) lib/action_dispatch/routing/route_set.rb:832:in `call'
rack (2.0.3) lib/rack/etag.rb:25:in `call'
rack (2.0.3) lib/rack/conditional_get.rb:38:in `call'
rack (2.0.3) lib/rack/head.rb:12:in `call'
rack (2.0.3) lib/rack/session/abstract/id.rb:232:in `context'
rack (2.0.3) lib/rack/session/abstract/id.rb:226:in `call'
actionpack (5.1.1) lib/action_dispatch/middleware/cookies.rb:613:in `call'
activerecord (5.1.1) lib/active_record/migration.rb:556:in `call'
actionpack (5.1.1) lib/action_dispatch/middleware/callbacks.rb:26:in `block in call'
activesupport (5.1.1) lib/active_support/callbacks.rb:97:in `run_callbacks'
actionpack (5.1.1) lib/action_dispatch/middleware/callbacks.rb:24:in `call'
actionpack (5.1.1) lib/action_dispatch/middleware/executor.rb:12:in `call'
actionpack (5.1.1) lib/action_dispatch/middleware/debug_exceptions.rb:59:in `call'
web-console (3.5.1) lib/web_console/middleware.rb:135:in `call_app'
web-console (3.5.1) lib/web_console/middleware.rb:28:in `block in call'
web-console (3.5.1) lib/web_console/middleware.rb:18:in `catch'
web-console (3.5.1) lib/web_console/middleware.rb:18:in `call'
actionpack (5.1.1) lib/action_dispatch/middleware/show_exceptions.rb:31:in `call'
railties (5.1.1) lib/rails/rack/logger.rb:36:in `call_app'
railties (5.1.1) lib/rails/rack/logger.rb:24:in `block in call'
activesupport (5.1.1) lib/active_support/tagged_logging.rb:69:in `block in tagged'
activesupport (5.1.1) lib/active_support/tagged_logging.rb:26:in `tagged'
activesupport (5.1.1) lib/active_support/tagged_logging.rb:69:in `tagged'
railties (5.1.1) lib/rails/rack/logger.rb:24:in `call'
sprockets-rails (3.2.0) lib/sprockets/rails/quiet_assets.rb:13:in `call'
actionpack (5.1.1) lib/action_dispatch/middleware/remote_ip.rb:79:in `call'
actionpack (5.1.1) lib/action_dispatch/middleware/request_id.rb:25:in `call'
rack (2.0.3) lib/rack/method_override.rb:22:in `call'
rack (2.0.3) lib/rack/runtime.rb:22:in `call'
activesupport (5.1.1) lib/active_support/cache/strategy/local_cache_middleware.rb:27:in `call'
actionpack (5.1.1) lib/action_dispatch/middleware/executor.rb:12:in `call'
actionpack (5.1.1) lib/action_dispatch/middleware/static.rb:125:in `call'
rack (2.0.3) lib/rack/sendfile.rb:111:in `call'
railties (5.1.1) lib/rails/engine.rb:522:in `call'
puma (3.9.1) lib/puma/configuration.rb:224:in `call'
puma (3.9.1) lib/puma/server.rb:602:in `handle_request'
puma (3.9.1) lib/puma/server.rb:435:in `process_client'
puma (3.9.1) lib/puma/server.rb:299:in `block in run'
puma (3.9.1) lib/puma/thread_pool.rb:120:in `block in spawn_thread'
Started POST "/v1/users?user[email]=varun@gmail.com&user[password]=[FILTERED]" for 127.0.0.1 at 2017-06-11 18:27:37 +0530
Processing by Api::V1::UsersController#create as */*
  Parameters: {"user"=>{"email"=>"varun@gmail.com", "password"=>"[FILTERED]"}}
HTTP Origin header (chrome-extension://fhbjgbiflinjbdggehcddcbncdddomop) didn't match request.base_url (http://localhost:3000)
Completed 422 Unprocessable Entity in 1ms (ActiveRecord: 0.0ms)


  
ActionController::InvalidAuthenticityToken (ActionController::InvalidAuthenticityToken):
  
actionpack (5.1.1) lib/action_controller/metal/request_forgery_protection.rb:195:in `handle_unverified_request'
actionpack (5.1.1) lib/action_controller/metal/request_forgery_protection.rb:227:in `handle_unverified_request'
actionpack (5.1.1) lib/action_controller/metal/request_forgery_protection.rb:222:in `verify_authenticity_token'
activesupport (5.1.1) lib/active_support/callbacks.rb:413:in `block in make_lambda'
activesupport (5.1.1) lib/active_support/callbacks.rb:197:in `block (2 levels) in halting'
actionpack (5.1.1) lib/abstract_controller/callbacks.rb:12:in `block (2 levels) in <module:Callbacks>'
activesupport (5.1.1) lib/active_support/callbacks.rb:198:in `block in halting'
activesupport (5.1.1) lib/active_support/callbacks.rb:507:in `block in invoke_before'
activesupport (5.1.1) lib/active_support/callbacks.rb:507:in `each'
activesupport (5.1.1) lib/active_support/callbacks.rb:507:in `invoke_before'
activesupport (5.1.1) lib/active_support/callbacks.rb:130:in `run_callbacks'
actionpack (5.1.1) lib/abstract_controller/callbacks.rb:19:in `process_action'
actionpack (5.1.1) lib/action_controller/metal/rescue.rb:20:in `process_action'
actionpack (5.1.1) lib/action_controller/metal/instrumentation.rb:32:in `block in process_action'
activesupport (5.1.1) lib/active_support/notifications.rb:166:in `block in instrument'
activesupport (5.1.1) lib/active_support/notifications/instrumenter.rb:21:in `instrument'
activesupport (5.1.1) lib/active_support/notifications.rb:166:in `instrument'
actionpack (5.1.1) lib/action_controller/metal/instrumentation.rb:30:in `process_action'
actionpack (5.1.1) lib/action_controller/metal/params_wrapper.rb:252:in `process_action'
activerecord (5.1.1) lib/active_record/railties/controller_runtime.rb:22:in `process_action'
actionpack (5.1.1) lib/abstract_controller/base.rb:124:in `process'
actionview (5.1.1) lib/action_view/rendering.rb:30:in `process'
actionpack (5.1.1) lib/action_controller/metal.rb:189:in `dispatch'
actionpack (5.1.1) lib/action_controller/metal.rb:253:in `dispatch'
actionpack (5.1.1) lib/action_dispatch/routing/route_set.rb:49:in `dispatch'
actionpack (5.1.1) lib/action_dispatch/routing/route_set.rb:31:in `serve'
actionpack (5.1.1) lib/action_dispatch/journey/router.rb:46:in `block in serve'
actionpack (5.1.1) lib/action_dispatch/journey/router.rb:33:in `each'
actionpack (5.1.1) lib/action_dispatch/journey/router.rb:33:in `serve'
actionpack (5.1.1) lib/action_dispatch/routing/route_set.rb:832:in `call'
rack (2.0.3) lib/rack/etag.rb:25:in `call'
rack (2.0.3) lib/rack/conditional_get.rb:38:in `call'
rack (2.0.3) lib/rack/head.rb:12:in `call'
rack (2.0.3) lib/rack/session/abstract/id.rb:232:in `context'
rack (2.0.3) lib/rack/session/abstract/id.rb:226:in `call'
actionpack (5.1.1) lib/action_dispatch/middleware/cookies.rb:613:in `call'
activerecord (5.1.1) lib/active_record/migration.rb:556:in `call'
actionpack (5.1.1) lib/action_dispatch/middleware/callbacks.rb:26:in `block in call'
activesupport (5.1.1) lib/active_support/callbacks.rb:97:in `run_callbacks'
actionpack (5.1.1) lib/action_dispatch/middleware/callbacks.rb:24:in `call'
actionpack (5.1.1) lib/action_dispatch/middleware/executor.rb:12:in `call'
actionpack (5.1.1) lib/action_dispatch/middleware/debug_exceptions.rb:59:in `call'
web-console (3.5.1) lib/web_console/middleware.rb:135:in `call_app'
web-console (3.5.1) lib/web_console/middleware.rb:28:in `block in call'
web-console (3.5.1) lib/web_console/middleware.rb:18:in `catch'
web-console (3.5.1) lib/web_console/middleware.rb:18:in `call'
actionpack (5.1.1) lib/action_dispatch/middleware/show_exceptions.rb:31:in `call'
railties (5.1.1) lib/rails/rack/logger.rb:36:in `call_app'
railties (5.1.1) lib/rails/rack/logger.rb:24:in `block in call'
activesupport (5.1.1) lib/active_support/tagged_logging.rb:69:in `block in tagged'
activesupport (5.1.1) lib/active_support/tagged_logging.rb:26:in `tagged'
activesupport (5.1.1) lib/active_support/tagged_logging.rb:69:in `tagged'
railties (5.1.1) lib/rails/rack/logger.rb:24:in `call'
sprockets-rails (3.2.0) lib/sprockets/rails/quiet_assets.rb:13:in `call'
actionpack (5.1.1) lib/action_dispatch/middleware/remote_ip.rb:79:in `call'
actionpack (5.1.1) lib/action_dispatch/middleware/request_id.rb:25:in `call'
rack (2.0.3) lib/rack/method_override.rb:22:in `call'
rack (2.0.3) lib/rack/runtime.rb:22:in `call'
activesupport (5.1.1) lib/active_support/cache/strategy/local_cache_middleware.rb:27:in `call'
actionpack (5.1.1) lib/action_dispatch/middleware/executor.rb:12:in `call'
actionpack (5.1.1) lib/action_dispatch/middleware/static.rb:125:in `call'
rack (2.0.3) lib/rack/sendfile.rb:111:in `call'
railties (5.1.1) lib/rails/engine.rb:522:in `call'
puma (3.9.1) lib/puma/configuration.rb:224:in `call'
puma (3.9.1) lib/puma/server.rb:602:in `handle_request'
puma (3.9.1) lib/puma/server.rb:435:in `process_client'
puma (3.9.1) lib/puma/server.rb:299:in `block in run'
puma (3.9.1) lib/puma/thread_pool.rb:120:in `block in spawn_thread'
Started POST "/v1/users?email[user]=varun@gmail.com&password[user]=[FILTERED]" for 127.0.0.1 at 2017-06-11 18:31:24 +0530
Processing by Api::V1::UsersController#create as */*
  Parameters: {"email"=>{"user"=>"varun@gmail.com"}, "password"=>"[FILTERED]"}
HTTP Origin header (chrome-extension://fhbjgbiflinjbdggehcddcbncdddomop) didn't match request.base_url (http://localhost:3000)
Completed 422 Unprocessable Entity in 1ms (ActiveRecord: 0.0ms)


  
ActionController::InvalidAuthenticityToken (ActionController::InvalidAuthenticityToken):
  
actionpack (5.1.1) lib/action_controller/metal/request_forgery_protection.rb:195:in `handle_unverified_request'
actionpack (5.1.1) lib/action_controller/metal/request_forgery_protection.rb:227:in `handle_unverified_request'
actionpack (5.1.1) lib/action_controller/metal/request_forgery_protection.rb:222:in `verify_authenticity_token'
activesupport (5.1.1) lib/active_support/callbacks.rb:413:in `block in make_lambda'
activesupport (5.1.1) lib/active_support/callbacks.rb:197:in `block (2 levels) in halting'
actionpack (5.1.1) lib/abstract_controller/callbacks.rb:12:in `block (2 levels) in <module:Callbacks>'
activesupport (5.1.1) lib/active_support/callbacks.rb:198:in `block in halting'
activesupport (5.1.1) lib/active_support/callbacks.rb:507:in `block in invoke_before'
activesupport (5.1.1) lib/active_support/callbacks.rb:507:in `each'
activesupport (5.1.1) lib/active_support/callbacks.rb:507:in `invoke_before'
activesupport (5.1.1) lib/active_support/callbacks.rb:130:in `run_callbacks'
actionpack (5.1.1) lib/abstract_controller/callbacks.rb:19:in `process_action'
actionpack (5.1.1) lib/action_controller/metal/rescue.rb:20:in `process_action'
actionpack (5.1.1) lib/action_controller/metal/instrumentation.rb:32:in `block in process_action'
activesupport (5.1.1) lib/active_support/notifications.rb:166:in `block in instrument'
activesupport (5.1.1) lib/active_support/notifications/instrumenter.rb:21:in `instrument'
activesupport (5.1.1) lib/active_support/notifications.rb:166:in `instrument'
actionpack (5.1.1) lib/action_controller/metal/instrumentation.rb:30:in `process_action'
actionpack (5.1.1) lib/action_controller/metal/params_wrapper.rb:252:in `process_action'
activerecord (5.1.1) lib/active_record/railties/controller_runtime.rb:22:in `process_action'
actionpack (5.1.1) lib/abstract_controller/base.rb:124:in `process'
actionview (5.1.1) lib/action_view/rendering.rb:30:in `process'
actionpack (5.1.1) lib/action_controller/metal.rb:189:in `dispatch'
actionpack (5.1.1) lib/action_controller/metal.rb:253:in `dispatch'
actionpack (5.1.1) lib/action_dispatch/routing/route_set.rb:49:in `dispatch'
actionpack (5.1.1) lib/action_dispatch/routing/route_set.rb:31:in `serve'
actionpack (5.1.1) lib/action_dispatch/journey/router.rb:46:in `block in serve'
actionpack (5.1.1) lib/action_dispatch/journey/router.rb:33:in `each'
actionpack (5.1.1) lib/action_dispatch/journey/router.rb:33:in `serve'
actionpack (5.1.1) lib/action_dispatch/routing/route_set.rb:832:in `call'
rack (2.0.3) lib/rack/etag.rb:25:in `call'
rack (2.0.3) lib/rack/conditional_get.rb:38:in `call'
rack (2.0.3) lib/rack/head.rb:12:in `call'
rack (2.0.3) lib/rack/session/abstract/id.rb:232:in `context'
rack (2.0.3) lib/rack/session/abstract/id.rb:226:in `call'
actionpack (5.1.1) lib/action_dispatch/middleware/cookies.rb:613:in `call'
activerecord (5.1.1) lib/active_record/migration.rb:556:in `call'
actionpack (5.1.1) lib/action_dispatch/middleware/callbacks.rb:26:in `block in call'
activesupport (5.1.1) lib/active_support/callbacks.rb:97:in `run_callbacks'
actionpack (5.1.1) lib/action_dispatch/middleware/callbacks.rb:24:in `call'
actionpack (5.1.1) lib/action_dispatch/middleware/executor.rb:12:in `call'
actionpack (5.1.1) lib/action_dispatch/middleware/debug_exceptions.rb:59:in `call'
web-console (3.5.1) lib/web_console/middleware.rb:135:in `call_app'
web-console (3.5.1) lib/web_console/middleware.rb:28:in `block in call'
web-console (3.5.1) lib/web_console/middleware.rb:18:in `catch'
web-console (3.5.1) lib/web_console/middleware.rb:18:in `call'
actionpack (5.1.1) lib/action_dispatch/middleware/show_exceptions.rb:31:in `call'
railties (5.1.1) lib/rails/rack/logger.rb:36:in `call_app'
railties (5.1.1) lib/rails/rack/logger.rb:24:in `block in call'
activesupport (5.1.1) lib/active_support/tagged_logging.rb:69:in `block in tagged'
activesupport (5.1.1) lib/active_support/tagged_logging.rb:26:in `tagged'
activesupport (5.1.1) lib/active_support/tagged_logging.rb:69:in `tagged'
railties (5.1.1) lib/rails/rack/logger.rb:24:in `call'
sprockets-rails (3.2.0) lib/sprockets/rails/quiet_assets.rb:13:in `call'
actionpack (5.1.1) lib/action_dispatch/middleware/remote_ip.rb:79:in `call'
actionpack (5.1.1) lib/action_dispatch/middleware/request_id.rb:25:in `call'
rack (2.0.3) lib/rack/method_override.rb:22:in `call'
rack (2.0.3) lib/rack/runtime.rb:22:in `call'
activesupport (5.1.1) lib/active_support/cache/strategy/local_cache_middleware.rb:27:in `call'
actionpack (5.1.1) lib/action_dispatch/middleware/executor.rb:12:in `call'
actionpack (5.1.1) lib/action_dispatch/middleware/static.rb:125:in `call'
rack (2.0.3) lib/rack/sendfile.rb:111:in `call'
railties (5.1.1) lib/rails/engine.rb:522:in `call'
puma (3.9.1) lib/puma/configuration.rb:224:in `call'
puma (3.9.1) lib/puma/server.rb:602:in `handle_request'
puma (3.9.1) lib/puma/server.rb:435:in `process_client'
puma (3.9.1) lib/puma/server.rb:299:in `block in run'
puma (3.9.1) lib/puma/thread_pool.rb:120:in `block in spawn_thread'
Started POST "/v1/users?email[user]=varun@gmail.com&password[user]=[FILTERED]" for 127.0.0.1 at 2017-06-11 18:32:46 +0530
Processing by Api::V1::UsersController#create as */*
  Parameters: {"email"=>{"user"=>"varun@gmail.com"}, "password"=>"[FILTERED]"}
HTTP Origin header (chrome-extension://fhbjgbiflinjbdggehcddcbncdddomop) didn't match request.base_url (http://localhost:3000)
Completed 422 Unprocessable Entity in 2ms (ActiveRecord: 0.0ms)


  
ActionController::InvalidAuthenticityToken (ActionController::InvalidAuthenticityToken):
  
actionpack (5.1.1) lib/action_controller/metal/request_forgery_protection.rb:195:in `handle_unverified_request'
actionpack (5.1.1) lib/action_controller/metal/request_forgery_protection.rb:227:in `handle_unverified_request'
actionpack (5.1.1) lib/action_controller/metal/request_forgery_protection.rb:222:in `verify_authenticity_token'
activesupport (5.1.1) lib/active_support/callbacks.rb:413:in `block in make_lambda'
activesupport (5.1.1) lib/active_support/callbacks.rb:197:in `block (2 levels) in halting'
actionpack (5.1.1) lib/abstract_controller/callbacks.rb:12:in `block (2 levels) in <module:Callbacks>'
activesupport (5.1.1) lib/active_support/callbacks.rb:198:in `block in halting'
activesupport (5.1.1) lib/active_support/callbacks.rb:507:in `block in invoke_before'
activesupport (5.1.1) lib/active_support/callbacks.rb:507:in `each'
activesupport (5.1.1) lib/active_support/callbacks.rb:507:in `invoke_before'
activesupport (5.1.1) lib/active_support/callbacks.rb:130:in `run_callbacks'
actionpack (5.1.1) lib/abstract_controller/callbacks.rb:19:in `process_action'
actionpack (5.1.1) lib/action_controller/metal/rescue.rb:20:in `process_action'
actionpack (5.1.1) lib/action_controller/metal/instrumentation.rb:32:in `block in process_action'
activesupport (5.1.1) lib/active_support/notifications.rb:166:in `block in instrument'
activesupport (5.1.1) lib/active_support/notifications/instrumenter.rb:21:in `instrument'
activesupport (5.1.1) lib/active_support/notifications.rb:166:in `instrument'
actionpack (5.1.1) lib/action_controller/metal/instrumentation.rb:30:in `process_action'
actionpack (5.1.1) lib/action_controller/metal/params_wrapper.rb:252:in `process_action'
activerecord (5.1.1) lib/active_record/railties/controller_runtime.rb:22:in `process_action'
actionpack (5.1.1) lib/abstract_controller/base.rb:124:in `process'
actionview (5.1.1) lib/action_view/rendering.rb:30:in `process'
actionpack (5.1.1) lib/action_controller/metal.rb:189:in `dispatch'
actionpack (5.1.1) lib/action_controller/metal.rb:253:in `dispatch'
actionpack (5.1.1) lib/action_dispatch/routing/route_set.rb:49:in `dispatch'
actionpack (5.1.1) lib/action_dispatch/routing/route_set.rb:31:in `serve'
actionpack (5.1.1) lib/action_dispatch/journey/router.rb:46:in `block in serve'
actionpack (5.1.1) lib/action_dispatch/journey/router.rb:33:in `each'
actionpack (5.1.1) lib/action_dispatch/journey/router.rb:33:in `serve'
actionpack (5.1.1) lib/action_dispatch/routing/route_set.rb:832:in `call'
rack (2.0.3) lib/rack/etag.rb:25:in `call'
rack (2.0.3) lib/rack/conditional_get.rb:38:in `call'
rack (2.0.3) lib/rack/head.rb:12:in `call'
rack (2.0.3) lib/rack/session/abstract/id.rb:232:in `context'
rack (2.0.3) lib/rack/session/abstract/id.rb:226:in `call'
actionpack (5.1.1) lib/action_dispatch/middleware/cookies.rb:613:in `call'
activerecord (5.1.1) lib/active_record/migration.rb:556:in `call'
actionpack (5.1.1) lib/action_dispatch/middleware/callbacks.rb:26:in `block in call'
activesupport (5.1.1) lib/active_support/callbacks.rb:97:in `run_callbacks'
actionpack (5.1.1) lib/action_dispatch/middleware/callbacks.rb:24:in `call'
actionpack (5.1.1) lib/action_dispatch/middleware/executor.rb:12:in `call'
actionpack (5.1.1) lib/action_dispatch/middleware/debug_exceptions.rb:59:in `call'
web-console (3.5.1) lib/web_console/middleware.rb:135:in `call_app'
web-console (3.5.1) lib/web_console/middleware.rb:28:in `block in call'
web-console (3.5.1) lib/web_console/middleware.rb:18:in `catch'
web-console (3.5.1) lib/web_console/middleware.rb:18:in `call'
actionpack (5.1.1) lib/action_dispatch/middleware/show_exceptions.rb:31:in `call'
railties (5.1.1) lib/rails/rack/logger.rb:36:in `call_app'
railties (5.1.1) lib/rails/rack/logger.rb:24:in `block in call'
activesupport (5.1.1) lib/active_support/tagged_logging.rb:69:in `block in tagged'
activesupport (5.1.1) lib/active_support/tagged_logging.rb:26:in `tagged'
activesupport (5.1.1) lib/active_support/tagged_logging.rb:69:in `tagged'
railties (5.1.1) lib/rails/rack/logger.rb:24:in `call'
sprockets-rails (3.2.0) lib/sprockets/rails/quiet_assets.rb:13:in `call'
actionpack (5.1.1) lib/action_dispatch/middleware/remote_ip.rb:79:in `call'
actionpack (5.1.1) lib/action_dispatch/middleware/request_id.rb:25:in `call'
rack (2.0.3) lib/rack/method_override.rb:22:in `call'
rack (2.0.3) lib/rack/runtime.rb:22:in `call'
activesupport (5.1.1) lib/active_support/cache/strategy/local_cache_middleware.rb:27:in `call'
actionpack (5.1.1) lib/action_dispatch/middleware/executor.rb:12:in `call'
actionpack (5.1.1) lib/action_dispatch/middleware/static.rb:125:in `call'
rack (2.0.3) lib/rack/sendfile.rb:111:in `call'
railties (5.1.1) lib/rails/engine.rb:522:in `call'
puma (3.9.1) lib/puma/configuration.rb:224:in `call'
puma (3.9.1) lib/puma/server.rb:602:in `handle_request'
puma (3.9.1) lib/puma/server.rb:435:in `process_client'
puma (3.9.1) lib/puma/server.rb:299:in `block in run'
puma (3.9.1) lib/puma/thread_pool.rb:120:in `block in spawn_thread'
Started POST "/v1/users?user[email]=varun@gmail.com&user[password]=[FILTERED]" for 127.0.0.1 at 2017-06-11 18:32:55 +0530
Processing by Api::V1::UsersController#create as */*
  Parameters: {"user"=>{"email"=>"varun@gmail.com", "password"=>"[FILTERED]"}}
HTTP Origin header (chrome-extension://fhbjgbiflinjbdggehcddcbncdddomop) didn't match request.base_url (http://localhost:3000)
Completed 422 Unprocessable Entity in 1ms (ActiveRecord: 0.0ms)


  
ActionController::InvalidAuthenticityToken (ActionController::InvalidAuthenticityToken):
  
actionpack (5.1.1) lib/action_controller/metal/request_forgery_protection.rb:195:in `handle_unverified_request'
actionpack (5.1.1) lib/action_controller/metal/request_forgery_protection.rb:227:in `handle_unverified_request'
actionpack (5.1.1) lib/action_controller/metal/request_forgery_protection.rb:222:in `verify_authenticity_token'
activesupport (5.1.1) lib/active_support/callbacks.rb:413:in `block in make_lambda'
activesupport (5.1.1) lib/active_support/callbacks.rb:197:in `block (2 levels) in halting'
actionpack (5.1.1) lib/abstract_controller/callbacks.rb:12:in `block (2 levels) in <module:Callbacks>'
activesupport (5.1.1) lib/active_support/callbacks.rb:198:in `block in halting'
activesupport (5.1.1) lib/active_support/callbacks.rb:507:in `block in invoke_before'
activesupport (5.1.1) lib/active_support/callbacks.rb:507:in `each'
activesupport (5.1.1) lib/active_support/callbacks.rb:507:in `invoke_before'
activesupport (5.1.1) lib/active_support/callbacks.rb:130:in `run_callbacks'
actionpack (5.1.1) lib/abstract_controller/callbacks.rb:19:in `process_action'
actionpack (5.1.1) lib/action_controller/metal/rescue.rb:20:in `process_action'
actionpack (5.1.1) lib/action_controller/metal/instrumentation.rb:32:in `block in process_action'
activesupport (5.1.1) lib/active_support/notifications.rb:166:in `block in instrument'
activesupport (5.1.1) lib/active_support/notifications/instrumenter.rb:21:in `instrument'
activesupport (5.1.1) lib/active_support/notifications.rb:166:in `instrument'
actionpack (5.1.1) lib/action_controller/metal/instrumentation.rb:30:in `process_action'
actionpack (5.1.1) lib/action_controller/metal/params_wrapper.rb:252:in `process_action'
activerecord (5.1.1) lib/active_record/railties/controller_runtime.rb:22:in `process_action'
actionpack (5.1.1) lib/abstract_controller/base.rb:124:in `process'
actionview (5.1.1) lib/action_view/rendering.rb:30:in `process'
actionpack (5.1.1) lib/action_controller/metal.rb:189:in `dispatch'
actionpack (5.1.1) lib/action_controller/metal.rb:253:in `dispatch'
actionpack (5.1.1) lib/action_dispatch/routing/route_set.rb:49:in `dispatch'
actionpack (5.1.1) lib/action_dispatch/routing/route_set.rb:31:in `serve'
actionpack (5.1.1) lib/action_dispatch/journey/router.rb:46:in `block in serve'
actionpack (5.1.1) lib/action_dispatch/journey/router.rb:33:in `each'
actionpack (5.1.1) lib/action_dispatch/journey/router.rb:33:in `serve'
actionpack (5.1.1) lib/action_dispatch/routing/route_set.rb:832:in `call'
rack (2.0.3) lib/rack/etag.rb:25:in `call'
rack (2.0.3) lib/rack/conditional_get.rb:38:in `call'
rack (2.0.3) lib/rack/head.rb:12:in `call'
rack (2.0.3) lib/rack/session/abstract/id.rb:232:in `context'
rack (2.0.3) lib/rack/session/abstract/id.rb:226:in `call'
actionpack (5.1.1) lib/action_dispatch/middleware/cookies.rb:613:in `call'
activerecord (5.1.1) lib/active_record/migration.rb:556:in `call'
actionpack (5.1.1) lib/action_dispatch/middleware/callbacks.rb:26:in `block in call'
activesupport (5.1.1) lib/active_support/callbacks.rb:97:in `run_callbacks'
actionpack (5.1.1) lib/action_dispatch/middleware/callbacks.rb:24:in `call'
actionpack (5.1.1) lib/action_dispatch/middleware/executor.rb:12:in `call'
actionpack (5.1.1) lib/action_dispatch/middleware/debug_exceptions.rb:59:in `call'
web-console (3.5.1) lib/web_console/middleware.rb:135:in `call_app'
web-console (3.5.1) lib/web_console/middleware.rb:28:in `block in call'
web-console (3.5.1) lib/web_console/middleware.rb:18:in `catch'
web-console (3.5.1) lib/web_console/middleware.rb:18:in `call'
actionpack (5.1.1) lib/action_dispatch/middleware/show_exceptions.rb:31:in `call'
railties (5.1.1) lib/rails/rack/logger.rb:36:in `call_app'
railties (5.1.1) lib/rails/rack/logger.rb:24:in `block in call'
activesupport (5.1.1) lib/active_support/tagged_logging.rb:69:in `block in tagged'
activesupport (5.1.1) lib/active_support/tagged_logging.rb:26:in `tagged'
activesupport (5.1.1) lib/active_support/tagged_logging.rb:69:in `tagged'
railties (5.1.1) lib/rails/rack/logger.rb:24:in `call'
sprockets-rails (3.2.0) lib/sprockets/rails/quiet_assets.rb:13:in `call'
actionpack (5.1.1) lib/action_dispatch/middleware/remote_ip.rb:79:in `call'
actionpack (5.1.1) lib/action_dispatch/middleware/request_id.rb:25:in `call'
rack (2.0.3) lib/rack/method_override.rb:22:in `call'
rack (2.0.3) lib/rack/runtime.rb:22:in `call'
activesupport (5.1.1) lib/active_support/cache/strategy/local_cache_middleware.rb:27:in `call'
actionpack (5.1.1) lib/action_dispatch/middleware/executor.rb:12:in `call'
actionpack (5.1.1) lib/action_dispatch/middleware/static.rb:125:in `call'
rack (2.0.3) lib/rack/sendfile.rb:111:in `call'
railties (5.1.1) lib/rails/engine.rb:522:in `call'
puma (3.9.1) lib/puma/configuration.rb:224:in `call'
puma (3.9.1) lib/puma/server.rb:602:in `handle_request'
puma (3.9.1) lib/puma/server.rb:435:in `process_client'
puma (3.9.1) lib/puma/server.rb:299:in `block in run'
puma (3.9.1) lib/puma/thread_pool.rb:120:in `block in spawn_thread'
Started POST "/v1/users" for 127.0.0.1 at 2017-06-11 18:35:00 +0530
Processing by Api::V1::UsersController#create as */*
  Parameters: {"user"=>{"email"=>"varun@gmail.com", "password"=>"[FILTERED]"}}
HTTP Origin header (chrome-extension://fhbjgbiflinjbdggehcddcbncdddomop) didn't match request.base_url (http://localhost:3000)
Completed 422 Unprocessable Entity in 1ms (ActiveRecord: 0.0ms)


  
ActionController::InvalidAuthenticityToken (ActionController::InvalidAuthenticityToken):
  
actionpack (5.1.1) lib/action_controller/metal/request_forgery_protection.rb:195:in `handle_unverified_request'
actionpack (5.1.1) lib/action_controller/metal/request_forgery_protection.rb:227:in `handle_unverified_request'
actionpack (5.1.1) lib/action_controller/metal/request_forgery_protection.rb:222:in `verify_authenticity_token'
activesupport (5.1.1) lib/active_support/callbacks.rb:413:in `block in make_lambda'
activesupport (5.1.1) lib/active_support/callbacks.rb:197:in `block (2 levels) in halting'
actionpack (5.1.1) lib/abstract_controller/callbacks.rb:12:in `block (2 levels) in <module:Callbacks>'
activesupport (5.1.1) lib/active_support/callbacks.rb:198:in `block in halting'
activesupport (5.1.1) lib/active_support/callbacks.rb:507:in `block in invoke_before'
activesupport (5.1.1) lib/active_support/callbacks.rb:507:in `each'
activesupport (5.1.1) lib/active_support/callbacks.rb:507:in `invoke_before'
activesupport (5.1.1) lib/active_support/callbacks.rb:130:in `run_callbacks'
actionpack (5.1.1) lib/abstract_controller/callbacks.rb:19:in `process_action'
actionpack (5.1.1) lib/action_controller/metal/rescue.rb:20:in `process_action'
actionpack (5.1.1) lib/action_controller/metal/instrumentation.rb:32:in `block in process_action'
activesupport (5.1.1) lib/active_support/notifications.rb:166:in `block in instrument'
activesupport (5.1.1) lib/active_support/notifications/instrumenter.rb:21:in `instrument'
activesupport (5.1.1) lib/active_support/notifications.rb:166:in `instrument'
actionpack (5.1.1) lib/action_controller/metal/instrumentation.rb:30:in `process_action'
actionpack (5.1.1) lib/action_controller/metal/params_wrapper.rb:252:in `process_action'
activerecord (5.1.1) lib/active_record/railties/controller_runtime.rb:22:in `process_action'
actionpack (5.1.1) lib/abstract_controller/base.rb:124:in `process'
actionview (5.1.1) lib/action_view/rendering.rb:30:in `process'
actionpack (5.1.1) lib/action_controller/metal.rb:189:in `dispatch'
actionpack (5.1.1) lib/action_controller/metal.rb:253:in `dispatch'
actionpack (5.1.1) lib/action_dispatch/routing/route_set.rb:49:in `dispatch'
actionpack (5.1.1) lib/action_dispatch/routing/route_set.rb:31:in `serve'
actionpack (5.1.1) lib/action_dispatch/journey/router.rb:46:in `block in serve'
actionpack (5.1.1) lib/action_dispatch/journey/router.rb:33:in `each'
actionpack (5.1.1) lib/action_dispatch/journey/router.rb:33:in `serve'
actionpack (5.1.1) lib/action_dispatch/routing/route_set.rb:832:in `call'
rack (2.0.3) lib/rack/etag.rb:25:in `call'
rack (2.0.3) lib/rack/conditional_get.rb:38:in `call'
rack (2.0.3) lib/rack/head.rb:12:in `call'
rack (2.0.3) lib/rack/session/abstract/id.rb:232:in `context'
rack (2.0.3) lib/rack/session/abstract/id.rb:226:in `call'
actionpack (5.1.1) lib/action_dispatch/middleware/cookies.rb:613:in `call'
activerecord (5.1.1) lib/active_record/migration.rb:556:in `call'
actionpack (5.1.1) lib/action_dispatch/middleware/callbacks.rb:26:in `block in call'
activesupport (5.1.1) lib/active_support/callbacks.rb:97:in `run_callbacks'
actionpack (5.1.1) lib/action_dispatch/middleware/callbacks.rb:24:in `call'
actionpack (5.1.1) lib/action_dispatch/middleware/executor.rb:12:in `call'
actionpack (5.1.1) lib/action_dispatch/middleware/debug_exceptions.rb:59:in `call'
web-console (3.5.1) lib/web_console/middleware.rb:135:in `call_app'
web-console (3.5.1) lib/web_console/middleware.rb:28:in `block in call'
web-console (3.5.1) lib/web_console/middleware.rb:18:in `catch'
web-console (3.5.1) lib/web_console/middleware.rb:18:in `call'
actionpack (5.1.1) lib/action_dispatch/middleware/show_exceptions.rb:31:in `call'
railties (5.1.1) lib/rails/rack/logger.rb:36:in `call_app'
railties (5.1.1) lib/rails/rack/logger.rb:24:in `block in call'
activesupport (5.1.1) lib/active_support/tagged_logging.rb:69:in `block in tagged'
activesupport (5.1.1) lib/active_support/tagged_logging.rb:26:in `tagged'
activesupport (5.1.1) lib/active_support/tagged_logging.rb:69:in `tagged'
railties (5.1.1) lib/rails/rack/logger.rb:24:in `call'
sprockets-rails (3.2.0) lib/sprockets/rails/quiet_assets.rb:13:in `call'
actionpack (5.1.1) lib/action_dispatch/middleware/remote_ip.rb:79:in `call'
actionpack (5.1.1) lib/action_dispatch/middleware/request_id.rb:25:in `call'
rack (2.0.3) lib/rack/method_override.rb:22:in `call'
rack (2.0.3) lib/rack/runtime.rb:22:in `call'
activesupport (5.1.1) lib/active_support/cache/strategy/local_cache_middleware.rb:27:in `call'
actionpack (5.1.1) lib/action_dispatch/middleware/executor.rb:12:in `call'
actionpack (5.1.1) lib/action_dispatch/middleware/static.rb:125:in `call'
rack (2.0.3) lib/rack/sendfile.rb:111:in `call'
railties (5.1.1) lib/rails/engine.rb:522:in `call'
puma (3.9.1) lib/puma/configuration.rb:224:in `call'
puma (3.9.1) lib/puma/server.rb:602:in `handle_request'
puma (3.9.1) lib/puma/server.rb:435:in `process_client'
puma (3.9.1) lib/puma/server.rb:299:in `block in run'
puma (3.9.1) lib/puma/thread_pool.rb:120:in `block in spawn_thread'
Started POST "/v1/users" for 127.0.0.1 at 2017-06-11 18:40:53 +0530
Error occurred while parsing request parameters.
Contents:

------WebKitFormBoundaryAmxpcnBWqEoBs7xc
Content-Disposition: form-data; name="user[email]"

varun@gmail.com
------WebKitFormBoundaryAmxpcnBWqEoBs7xc
Content-Disposition: form-data; name="user[password]"

123456
------WebKitFormBoundaryAmxpcnBWqEoBs7xc--

  
ActionDispatch::Http::Parameters::ParseError (822: unexpected token at '------WebKitFormBoundaryAmxpcnBWqEoBs7xc
Content-Disposition: form-data; name="user[email]"

varun@gmail.com
------WebKitFormBoundaryAmxpcnBWqEoBs7xc
Content-Disposition: form-data; name="user[password]"

123456
------WebKitFormBoundaryAmxpcnBWqEoBs7xc--
'):
  
actionpack (5.1.1) lib/action_dispatch/http/parameters.rb:113:in `rescue in parse_formatted_parameters'
actionpack (5.1.1) lib/action_dispatch/http/parameters.rb:107:in `parse_formatted_parameters'
actionpack (5.1.1) lib/action_dispatch/http/request.rb:358:in `block in POST'
rack (2.0.3) lib/rack/request.rb:57:in `fetch'
rack (2.0.3) lib/rack/request.rb:57:in `fetch_header'
actionpack (5.1.1) lib/action_dispatch/http/request.rb:357:in `POST'
actionpack (5.1.1) lib/action_controller/metal/params_wrapper.rb:286:in `_wrapper_enabled?'
actionpack (5.1.1) lib/action_controller/metal/params_wrapper.rb:235:in `process_action'
activerecord (5.1.1) lib/active_record/railties/controller_runtime.rb:22:in `process_action'
actionpack (5.1.1) lib/abstract_controller/base.rb:124:in `process'
actionview (5.1.1) lib/action_view/rendering.rb:30:in `process'
actionpack (5.1.1) lib/action_controller/metal.rb:189:in `dispatch'
actionpack (5.1.1) lib/action_controller/metal.rb:253:in `dispatch'
actionpack (5.1.1) lib/action_dispatch/routing/route_set.rb:49:in `dispatch'
actionpack (5.1.1) lib/action_dispatch/routing/route_set.rb:31:in `serve'
actionpack (5.1.1) lib/action_dispatch/journey/router.rb:46:in `block in serve'
actionpack (5.1.1) lib/action_dispatch/journey/router.rb:33:in `each'
actionpack (5.1.1) lib/action_dispatch/journey/router.rb:33:in `serve'
actionpack (5.1.1) lib/action_dispatch/routing/route_set.rb:832:in `call'
rack (2.0.3) lib/rack/etag.rb:25:in `call'
rack (2.0.3) lib/rack/conditional_get.rb:38:in `call'
rack (2.0.3) lib/rack/head.rb:12:in `call'
rack (2.0.3) lib/rack/session/abstract/id.rb:232:in `context'
rack (2.0.3) lib/rack/session/abstract/id.rb:226:in `call'
actionpack (5.1.1) lib/action_dispatch/middleware/cookies.rb:613:in `call'
activerecord (5.1.1) lib/active_record/migration.rb:556:in `call'
actionpack (5.1.1) lib/action_dispatch/middleware/callbacks.rb:26:in `block in call'
activesupport (5.1.1) lib/active_support/callbacks.rb:97:in `run_callbacks'
actionpack (5.1.1) lib/action_dispatch/middleware/callbacks.rb:24:in `call'
actionpack (5.1.1) lib/action_dispatch/middleware/executor.rb:12:in `call'
actionpack (5.1.1) lib/action_dispatch/middleware/debug_exceptions.rb:59:in `call'
web-console (3.5.1) lib/web_console/middleware.rb:135:in `call_app'
web-console (3.5.1) lib/web_console/middleware.rb:28:in `block in call'
web-console (3.5.1) lib/web_console/middleware.rb:18:in `catch'
web-console (3.5.1) lib/web_console/middleware.rb:18:in `call'
actionpack (5.1.1) lib/action_dispatch/middleware/show_exceptions.rb:31:in `call'
railties (5.1.1) lib/rails/rack/logger.rb:36:in `call_app'
railties (5.1.1) lib/rails/rack/logger.rb:24:in `block in call'
activesupport (5.1.1) lib/active_support/tagged_logging.rb:69:in `block in tagged'
activesupport (5.1.1) lib/active_support/tagged_logging.rb:26:in `tagged'
activesupport (5.1.1) lib/active_support/tagged_logging.rb:69:in `tagged'
railties (5.1.1) lib/rails/rack/logger.rb:24:in `call'
sprockets-rails (3.2.0) lib/sprockets/rails/quiet_assets.rb:13:in `call'
actionpack (5.1.1) lib/action_dispatch/middleware/remote_ip.rb:79:in `call'
actionpack (5.1.1) lib/action_dispatch/middleware/request_id.rb:25:in `call'
rack (2.0.3) lib/rack/method_override.rb:22:in `call'
rack (2.0.3) lib/rack/runtime.rb:22:in `call'
activesupport (5.1.1) lib/active_support/cache/strategy/local_cache_middleware.rb:27:in `call'
actionpack (5.1.1) lib/action_dispatch/middleware/executor.rb:12:in `call'
actionpack (5.1.1) lib/action_dispatch/middleware/static.rb:125:in `call'
rack (2.0.3) lib/rack/sendfile.rb:111:in `call'
railties (5.1.1) lib/rails/engine.rb:522:in `call'
puma (3.9.1) lib/puma/configuration.rb:224:in `call'
puma (3.9.1) lib/puma/server.rb:602:in `handle_request'
puma (3.9.1) lib/puma/server.rb:435:in `process_client'
puma (3.9.1) lib/puma/server.rb:299:in `block in run'
puma (3.9.1) lib/puma/thread_pool.rb:120:in `block in spawn_thread'
Started GET "/v1/users" for 127.0.0.1 at 2017-06-11 18:42:42 +0530
Processing by Api::V1::UsersController#index as */*
  [1m[36mUser Load (0.3ms)[0m  [1m[34mSELECT `users`.* FROM `users`[0m
Completed 200 OK in 7ms (Views: 5.6ms | ActiveRecord: 1.2ms)


Started POST "/v1/users" for 127.0.0.1 at 2017-06-11 18:43:01 +0530
Error occurred while parsing request parameters.
Contents:

------WebKitFormBoundaryIBu6nZg5ADbwzUTX
Content-Disposition: form-data; name="user[email]"

varun@gmail.com
------WebKitFormBoundaryIBu6nZg5ADbwzUTX
Content-Disposition: form-data; name="user[password]"

123456
------WebKitFormBoundaryIBu6nZg5ADbwzUTX--

  
ActionDispatch::Http::Parameters::ParseError (822: unexpected token at '------WebKitFormBoundaryIBu6nZg5ADbwzUTX
Content-Disposition: form-data; name="user[email]"

varun@gmail.com
------WebKitFormBoundaryIBu6nZg5ADbwzUTX
Content-Disposition: form-data; name="user[password]"

123456
------WebKitFormBoundaryIBu6nZg5ADbwzUTX--
'):
  
actionpack (5.1.1) lib/action_dispatch/http/parameters.rb:113:in `rescue in parse_formatted_parameters'
actionpack (5.1.1) lib/action_dispatch/http/parameters.rb:107:in `parse_formatted_parameters'
actionpack (5.1.1) lib/action_dispatch/http/request.rb:358:in `block in POST'
rack (2.0.3) lib/rack/request.rb:57:in `fetch'
rack (2.0.3) lib/rack/request.rb:57:in `fetch_header'
actionpack (5.1.1) lib/action_dispatch/http/request.rb:357:in `POST'
actionpack (5.1.1) lib/action_controller/metal/params_wrapper.rb:286:in `_wrapper_enabled?'
actionpack (5.1.1) lib/action_controller/metal/params_wrapper.rb:235:in `process_action'
activerecord (5.1.1) lib/active_record/railties/controller_runtime.rb:22:in `process_action'
actionpack (5.1.1) lib/abstract_controller/base.rb:124:in `process'
actionview (5.1.1) lib/action_view/rendering.rb:30:in `process'
actionpack (5.1.1) lib/action_controller/metal.rb:189:in `dispatch'
actionpack (5.1.1) lib/action_controller/metal.rb:253:in `dispatch'
actionpack (5.1.1) lib/action_dispatch/routing/route_set.rb:49:in `dispatch'
actionpack (5.1.1) lib/action_dispatch/routing/route_set.rb:31:in `serve'
actionpack (5.1.1) lib/action_dispatch/journey/router.rb:46:in `block in serve'
actionpack (5.1.1) lib/action_dispatch/journey/router.rb:33:in `each'
actionpack (5.1.1) lib/action_dispatch/journey/router.rb:33:in `serve'
actionpack (5.1.1) lib/action_dispatch/routing/route_set.rb:832:in `call'
rack (2.0.3) lib/rack/etag.rb:25:in `call'
rack (2.0.3) lib/rack/conditional_get.rb:38:in `call'
rack (2.0.3) lib/rack/head.rb:12:in `call'
rack (2.0.3) lib/rack/session/abstract/id.rb:232:in `context'
rack (2.0.3) lib/rack/session/abstract/id.rb:226:in `call'
actionpack (5.1.1) lib/action_dispatch/middleware/cookies.rb:613:in `call'
activerecord (5.1.1) lib/active_record/migration.rb:556:in `call'
actionpack (5.1.1) lib/action_dispatch/middleware/callbacks.rb:26:in `block in call'
activesupport (5.1.1) lib/active_support/callbacks.rb:97:in `run_callbacks'
actionpack (5.1.1) lib/action_dispatch/middleware/callbacks.rb:24:in `call'
actionpack (5.1.1) lib/action_dispatch/middleware/executor.rb:12:in `call'
actionpack (5.1.1) lib/action_dispatch/middleware/debug_exceptions.rb:59:in `call'
web-console (3.5.1) lib/web_console/middleware.rb:135:in `call_app'
web-console (3.5.1) lib/web_console/middleware.rb:28:in `block in call'
web-console (3.5.1) lib/web_console/middleware.rb:18:in `catch'
web-console (3.5.1) lib/web_console/middleware.rb:18:in `call'
actionpack (5.1.1) lib/action_dispatch/middleware/show_exceptions.rb:31:in `call'
railties (5.1.1) lib/rails/rack/logger.rb:36:in `call_app'
railties (5.1.1) lib/rails/rack/logger.rb:24:in `block in call'
activesupport (5.1.1) lib/active_support/tagged_logging.rb:69:in `block in tagged'
activesupport (5.1.1) lib/active_support/tagged_logging.rb:26:in `tagged'
activesupport (5.1.1) lib/active_support/tagged_logging.rb:69:in `tagged'
railties (5.1.1) lib/rails/rack/logger.rb:24:in `call'
sprockets-rails (3.2.0) lib/sprockets/rails/quiet_assets.rb:13:in `call'
actionpack (5.1.1) lib/action_dispatch/middleware/remote_ip.rb:79:in `call'
actionpack (5.1.1) lib/action_dispatch/middleware/request_id.rb:25:in `call'
rack (2.0.3) lib/rack/method_override.rb:22:in `call'
rack (2.0.3) lib/rack/runtime.rb:22:in `call'
activesupport (5.1.1) lib/active_support/cache/strategy/local_cache_middleware.rb:27:in `call'
actionpack (5.1.1) lib/action_dispatch/middleware/executor.rb:12:in `call'
actionpack (5.1.1) lib/action_dispatch/middleware/static.rb:125:in `call'
rack (2.0.3) lib/rack/sendfile.rb:111:in `call'
railties (5.1.1) lib/rails/engine.rb:522:in `call'
puma (3.9.1) lib/puma/configuration.rb:224:in `call'
puma (3.9.1) lib/puma/server.rb:602:in `handle_request'
puma (3.9.1) lib/puma/server.rb:435:in `process_client'
puma (3.9.1) lib/puma/server.rb:299:in `block in run'
puma (3.9.1) lib/puma/thread_pool.rb:120:in `block in spawn_thread'
Started POST "/v1/users" for 127.0.0.1 at 2017-06-11 18:44:49 +0530
Error occurred while parsing request parameters.
Contents:

------WebKitFormBoundary2imS2r3B5eVPhAur
Content-Disposition: form-data; name="user[email]"

varun@gmail.com
------WebKitFormBoundary2imS2r3B5eVPhAur
Content-Disposition: form-data; name="user[password]"

123456
------WebKitFormBoundary2imS2r3B5eVPhAur--

  
ActionDispatch::Http::Parameters::ParseError (822: unexpected token at '------WebKitFormBoundary2imS2r3B5eVPhAur
Content-Disposition: form-data; name="user[email]"

varun@gmail.com
------WebKitFormBoundary2imS2r3B5eVPhAur
Content-Disposition: form-data; name="user[password]"

123456
------WebKitFormBoundary2imS2r3B5eVPhAur--
'):
  
actionpack (5.1.1) lib/action_dispatch/http/parameters.rb:113:in `rescue in parse_formatted_parameters'
actionpack (5.1.1) lib/action_dispatch/http/parameters.rb:107:in `parse_formatted_parameters'
actionpack (5.1.1) lib/action_dispatch/http/request.rb:358:in `block in POST'
rack (2.0.3) lib/rack/request.rb:57:in `fetch'
rack (2.0.3) lib/rack/request.rb:57:in `fetch_header'
actionpack (5.1.1) lib/action_dispatch/http/request.rb:357:in `POST'
actionpack (5.1.1) lib/action_controller/metal/params_wrapper.rb:286:in `_wrapper_enabled?'
actionpack (5.1.1) lib/action_controller/metal/params_wrapper.rb:235:in `process_action'
activerecord (5.1.1) lib/active_record/railties/controller_runtime.rb:22:in `process_action'
actionpack (5.1.1) lib/abstract_controller/base.rb:124:in `process'
actionview (5.1.1) lib/action_view/rendering.rb:30:in `process'
actionpack (5.1.1) lib/action_controller/metal.rb:189:in `dispatch'
actionpack (5.1.1) lib/action_controller/metal.rb:253:in `dispatch'
actionpack (5.1.1) lib/action_dispatch/routing/route_set.rb:49:in `dispatch'
actionpack (5.1.1) lib/action_dispatch/routing/route_set.rb:31:in `serve'
actionpack (5.1.1) lib/action_dispatch/journey/router.rb:46:in `block in serve'
actionpack (5.1.1) lib/action_dispatch/journey/router.rb:33:in `each'
actionpack (5.1.1) lib/action_dispatch/journey/router.rb:33:in `serve'
actionpack (5.1.1) lib/action_dispatch/routing/route_set.rb:832:in `call'
rack (2.0.3) lib/rack/etag.rb:25:in `call'
rack (2.0.3) lib/rack/conditional_get.rb:38:in `call'
rack (2.0.3) lib/rack/head.rb:12:in `call'
rack (2.0.3) lib/rack/session/abstract/id.rb:232:in `context'
rack (2.0.3) lib/rack/session/abstract/id.rb:226:in `call'
actionpack (5.1.1) lib/action_dispatch/middleware/cookies.rb:613:in `call'
activerecord (5.1.1) lib/active_record/migration.rb:556:in `call'
actionpack (5.1.1) lib/action_dispatch/middleware/callbacks.rb:26:in `block in call'
activesupport (5.1.1) lib/active_support/callbacks.rb:97:in `run_callbacks'
actionpack (5.1.1) lib/action_dispatch/middleware/callbacks.rb:24:in `call'
actionpack (5.1.1) lib/action_dispatch/middleware/executor.rb:12:in `call'
actionpack (5.1.1) lib/action_dispatch/middleware/debug_exceptions.rb:59:in `call'
web-console (3.5.1) lib/web_console/middleware.rb:135:in `call_app'
web-console (3.5.1) lib/web_console/middleware.rb:28:in `block in call'
web-console (3.5.1) lib/web_console/middleware.rb:18:in `catch'
web-console (3.5.1) lib/web_console/middleware.rb:18:in `call'
actionpack (5.1.1) lib/action_dispatch/middleware/show_exceptions.rb:31:in `call'
railties (5.1.1) lib/rails/rack/logger.rb:36:in `call_app'
railties (5.1.1) lib/rails/rack/logger.rb:24:in `block in call'
activesupport (5.1.1) lib/active_support/tagged_logging.rb:69:in `block in tagged'
activesupport (5.1.1) lib/active_support/tagged_logging.rb:26:in `tagged'
activesupport (5.1.1) lib/active_support/tagged_logging.rb:69:in `tagged'
railties (5.1.1) lib/rails/rack/logger.rb:24:in `call'
sprockets-rails (3.2.0) lib/sprockets/rails/quiet_assets.rb:13:in `call'
actionpack (5.1.1) lib/action_dispatch/middleware/remote_ip.rb:79:in `call'
actionpack (5.1.1) lib/action_dispatch/middleware/request_id.rb:25:in `call'
rack (2.0.3) lib/rack/method_override.rb:22:in `call'
rack (2.0.3) lib/rack/runtime.rb:22:in `call'
activesupport (5.1.1) lib/active_support/cache/strategy/local_cache_middleware.rb:27:in `call'
actionpack (5.1.1) lib/action_dispatch/middleware/executor.rb:12:in `call'
actionpack (5.1.1) lib/action_dispatch/middleware/static.rb:125:in `call'
rack (2.0.3) lib/rack/sendfile.rb:111:in `call'
railties (5.1.1) lib/rails/engine.rb:522:in `call'
puma (3.9.1) lib/puma/configuration.rb:224:in `call'
puma (3.9.1) lib/puma/server.rb:602:in `handle_request'
puma (3.9.1) lib/puma/server.rb:435:in `process_client'
puma (3.9.1) lib/puma/server.rb:299:in `block in run'
puma (3.9.1) lib/puma/thread_pool.rb:120:in `block in spawn_thread'
Started POST "/v1/users" for 127.0.0.1 at 2017-06-11 18:46:22 +0530
Error occurred while parsing request parameters.
Contents:

------WebKitFormBoundarycryqrSTtY2DYP3t9
Content-Disposition: form-data; name="user[email]"

varun@gmail.com
------WebKitFormBoundarycryqrSTtY2DYP3t9
Content-Disposition: form-data; name="user[password]"

123456
------WebKitFormBoundarycryqrSTtY2DYP3t9--

  
ActionDispatch::Http::Parameters::ParseError (822: unexpected token at '------WebKitFormBoundarycryqrSTtY2DYP3t9
Content-Disposition: form-data; name="user[email]"

varun@gmail.com
------WebKitFormBoundarycryqrSTtY2DYP3t9
Content-Disposition: form-data; name="user[password]"

123456
------WebKitFormBoundarycryqrSTtY2DYP3t9--
'):
  
actionpack (5.1.1) lib/action_dispatch/http/parameters.rb:113:in `rescue in parse_formatted_parameters'
actionpack (5.1.1) lib/action_dispatch/http/parameters.rb:107:in `parse_formatted_parameters'
actionpack (5.1.1) lib/action_dispatch/http/request.rb:358:in `block in POST'
rack (2.0.3) lib/rack/request.rb:57:in `fetch'
rack (2.0.3) lib/rack/request.rb:57:in `fetch_header'
actionpack (5.1.1) lib/action_dispatch/http/request.rb:357:in `POST'
actionpack (5.1.1) lib/action_controller/metal/params_wrapper.rb:286:in `_wrapper_enabled?'
actionpack (5.1.1) lib/action_controller/metal/params_wrapper.rb:235:in `process_action'
activerecord (5.1.1) lib/active_record/railties/controller_runtime.rb:22:in `process_action'
actionpack (5.1.1) lib/abstract_controller/base.rb:124:in `process'
actionview (5.1.1) lib/action_view/rendering.rb:30:in `process'
actionpack (5.1.1) lib/action_controller/metal.rb:189:in `dispatch'
actionpack (5.1.1) lib/action_controller/metal.rb:253:in `dispatch'
actionpack (5.1.1) lib/action_dispatch/routing/route_set.rb:49:in `dispatch'
actionpack (5.1.1) lib/action_dispatch/routing/route_set.rb:31:in `serve'
actionpack (5.1.1) lib/action_dispatch/journey/router.rb:46:in `block in serve'
actionpack (5.1.1) lib/action_dispatch/journey/router.rb:33:in `each'
actionpack (5.1.1) lib/action_dispatch/journey/router.rb:33:in `serve'
actionpack (5.1.1) lib/action_dispatch/routing/route_set.rb:832:in `call'
rack (2.0.3) lib/rack/etag.rb:25:in `call'
rack (2.0.3) lib/rack/conditional_get.rb:38:in `call'
rack (2.0.3) lib/rack/head.rb:12:in `call'
rack (2.0.3) lib/rack/session/abstract/id.rb:232:in `context'
rack (2.0.3) lib/rack/session/abstract/id.rb:226:in `call'
actionpack (5.1.1) lib/action_dispatch/middleware/cookies.rb:613:in `call'
activerecord (5.1.1) lib/active_record/migration.rb:556:in `call'
actionpack (5.1.1) lib/action_dispatch/middleware/callbacks.rb:26:in `block in call'
activesupport (5.1.1) lib/active_support/callbacks.rb:97:in `run_callbacks'
actionpack (5.1.1) lib/action_dispatch/middleware/callbacks.rb:24:in `call'
actionpack (5.1.1) lib/action_dispatch/middleware/executor.rb:12:in `call'
actionpack (5.1.1) lib/action_dispatch/middleware/debug_exceptions.rb:59:in `call'
web-console (3.5.1) lib/web_console/middleware.rb:135:in `call_app'
web-console (3.5.1) lib/web_console/middleware.rb:28:in `block in call'
web-console (3.5.1) lib/web_console/middleware.rb:18:in `catch'
web-console (3.5.1) lib/web_console/middleware.rb:18:in `call'
actionpack (5.1.1) lib/action_dispatch/middleware/show_exceptions.rb:31:in `call'
railties (5.1.1) lib/rails/rack/logger.rb:36:in `call_app'
railties (5.1.1) lib/rails/rack/logger.rb:24:in `block in call'
activesupport (5.1.1) lib/active_support/tagged_logging.rb:69:in `block in tagged'
activesupport (5.1.1) lib/active_support/tagged_logging.rb:26:in `tagged'
activesupport (5.1.1) lib/active_support/tagged_logging.rb:69:in `tagged'
railties (5.1.1) lib/rails/rack/logger.rb:24:in `call'
sprockets-rails (3.2.0) lib/sprockets/rails/quiet_assets.rb:13:in `call'
actionpack (5.1.1) lib/action_dispatch/middleware/remote_ip.rb:79:in `call'
actionpack (5.1.1) lib/action_dispatch/middleware/request_id.rb:25:in `call'
rack (2.0.3) lib/rack/method_override.rb:22:in `call'
rack (2.0.3) lib/rack/runtime.rb:22:in `call'
activesupport (5.1.1) lib/active_support/cache/strategy/local_cache_middleware.rb:27:in `call'
actionpack (5.1.1) lib/action_dispatch/middleware/executor.rb:12:in `call'
actionpack (5.1.1) lib/action_dispatch/middleware/static.rb:125:in `call'
rack (2.0.3) lib/rack/sendfile.rb:111:in `call'
railties (5.1.1) lib/rails/engine.rb:522:in `call'
puma (3.9.1) lib/puma/configuration.rb:224:in `call'
puma (3.9.1) lib/puma/server.rb:602:in `handle_request'
puma (3.9.1) lib/puma/server.rb:435:in `process_client'
puma (3.9.1) lib/puma/server.rb:299:in `block in run'
puma (3.9.1) lib/puma/thread_pool.rb:120:in `block in spawn_thread'
